*********************************************************************
* LD Score Regression (LDSC)
* Version 1.0.1
* (C) 2014-2019 Brendan Bulik-Sullivan and Hilary Finucane
* Broad Institute of MIT and Harvard / MIT Department of Mathematics
* GNU General Public License v3
*********************************************************************
Call: 
./ldsc.py \
--ref-ld-chr /content/drive/MyDrive/eur_w_ld_chr/ \
--out /content/drive/MyDrive/ldsc/SLE_IBD_EUR_rg/rg_CD2016_SLE_EUR \
--rg /content/drive/MyDrive/ldsc/munge/CD2016_EUR.sumstats.gz,/content/drive/MyDrive/ldsc/munge/SLE_EUR.sumstats.gz \
--w-ld-chr /content/drive/MyDrive/eur_w_ld_chr/ 

Beginning analysis at Fri Nov 24 08:42:59 2023
Reading summary statistics from /content/drive/MyDrive/ldsc/munge/CD2016_EUR.sumstats.gz ...
Read summary statistics for 1141499 SNPs.
Reading reference panel LD Score from /content/drive/MyDrive/eur_w_ld_chr/[1-22] ... (ldscore_fromlist)
Read reference panel LD Scores for 1290028 SNPs.
Removing partitioned LD Scores with zero variance.
Reading regression weight LD Score from /content/drive/MyDrive/eur_w_ld_chr/[1-22] ... (ldscore_fromlist)
Read regression weight LD Scores for 1290028 SNPs.
After merging with reference panel LD, 1135942 SNPs remain.
After merging with regression SNP LD, 1135942 SNPs remain.
Computing rg for phenotype 2/2
Reading summary statistics from /content/drive/MyDrive/ldsc/munge/SLE_EUR.sumstats.gz ...
Read summary statistics for 1217311 SNPs.
After merging with summary statistics, 1135942 SNPs remain.
1012854 SNPs with valid alleles.

Heritability of phenotype 1
---------------------------
Total Observed scale h2: 0.4596 (0.0519)
Lambda GC: 1.2631
Mean Chi^2: 1.4598
Intercept: 1.0919 (0.0162)
Ratio: 0.1998 (0.0353)

Heritability of phenotype 2/2
-----------------------------
Total Observed scale h2: 0.3293 (0.043)
Lambda GC: 1.4637
Mean Chi^2: 1.3541
Intercept: 1.2004 (0.0103)
Ratio: 0.5661 (0.0291)

Genetic Covariance
------------------
Total Observed scale gencov: 0.0483 (0.0206)
Mean z1*z2: 0.0318
Intercept: -5.7899e-05 (0.0071)

Genetic Correlation
-------------------
Genetic Correlation: 0.1242 (0.0515)
Z-score: 2.4123
P: 0.0159


Summary of Genetic Correlation Results
                                                       p1                                                     p2      rg      se       z       p  h2_obs  h2_obs_se  h2_int  h2_int_se    gcov_int  gcov_int_se
 /content/drive/MyDrive/ldsc/munge/CD2016_EUR.sumstats.gz  /content/drive/MyDrive/ldsc/munge/SLE_EUR.sumstats.gz  0.1242  0.0515  2.4123  0.0159  0.3293      0.043  1.2004     0.0103 -5.7899e-05       0.0071

Analysis finished at Fri Nov 24 08:43:17 2023
Total time elapsed: 18.53s
