*********************************************************************
* LD Score Regression (LDSC)
* Version 1.0.1
* (C) 2014-2019 Brendan Bulik-Sullivan and Hilary Finucane
* Broad Institute of MIT and Harvard / MIT Department of Mathematics
* GNU General Public License v3
*********************************************************************
Call: 
./ldsc.py \
--ref-ld-chr /content/drive/MyDrive/eas_w_ld_chr/ \
--out /content/drive/MyDrive/ldsc/rg/rg_SLE_UC \
--rg /content/drive/MyDrive/ldsc/munge/SLE_CN_sumstats.sumstats.gz,/content/drive/MyDrive/ldsc/munge/UC_eas_sumstats.sumstats.gz \
--w-ld-chr /content/drive/MyDrive/eas_w_ld_chr/ 

Beginning analysis at Thu Aug 10 05:54:09 2023
Reading summary statistics from /content/drive/MyDrive/ldsc/munge/SLE_CN_sumstats.sumstats.gz ...
Read summary statistics for 880179 SNPs.
Reading reference panel LD Score from /content/drive/MyDrive/eas_w_ld_chr/[1-22] ... (ldscore_fromlist)
Read reference panel LD Scores for 1208050 SNPs.
Removing partitioned LD Scores with zero variance.
Reading regression weight LD Score from /content/drive/MyDrive/eas_w_ld_chr/[1-22] ... (ldscore_fromlist)
Read regression weight LD Scores for 1208050 SNPs.
After merging with reference panel LD, 880179 SNPs remain.
After merging with regression SNP LD, 880179 SNPs remain.
Computing rg for phenotype 2/2
Reading summary statistics from /content/drive/MyDrive/ldsc/munge/UC_eas_sumstats.sumstats.gz ...
Read summary statistics for 1217311 SNPs.
After merging with summary statistics, 880179 SNPs remain.
875698 SNPs with valid alleles.

Heritability of phenotype 1
---------------------------
Total Observed scale h2: 0.3527 (0.1083)
Lambda GC: 1.0864
Mean Chi^2: 1.1772
Intercept: 1.0731 (0.0173)
Ratio: 0.4127 (0.0976)

Heritability of phenotype 2/2
-----------------------------
Total Observed scale h2: 0.3538 (0.0907)
Lambda GC: 1.1207
Mean Chi^2: 1.2041
Intercept: 1.0173 (0.0201)
Ratio: 0.0847 (0.0984)

Genetic Covariance
------------------
Total Observed scale gencov: 0.0334 (0.0268)
Mean z1*z2: 0.0112
Intercept: -0.0027 (0.0072)

Genetic Correlation
-------------------
Genetic Correlation: 0.0946 (0.0766)
Z-score: 1.2343
P: 0.2171


Summary of Genetic Correlation Results
                                                            p1                                                             p2      rg      se       z       p  h2_obs  h2_obs_se  h2_int  h2_int_se  gcov_int  gcov_int_se
 /content/drive/MyDrive/ldsc/munge/SLE_CN_sumstats.sumstats.gz  /content/drive/MyDrive/ldsc/munge/UC_eas_sumstats.sumstats.gz  0.0946  0.0766  1.2343  0.2171  0.3538     0.0907  1.0173     0.0201   -0.0027       0.0072

Analysis finished at Thu Aug 10 05:54:24 2023
Total time elapsed: 15.06s
